app/manifest-merger-release-report.txt
-- Merging decision tree log ---
manifest
ADDED from AndroidManifest.xml:2:1
	package
		ADDED from AndroidManifest.xml:3:5
		INJECTED from AndroidManifest.xml:0:0
		INJECTED from AndroidManifest.xml:0:0
	android:versionName
		INJECTED from AndroidManifest.xml:0:0
		INJECTED from AndroidManifest.xml:0:0
	xmlns:android
		ADDED from AndroidManifest.xml:2:11
	android:versionCode
		INJECTED from AndroidManifest.xml:0:0
		INJECTED from AndroidManifest.xml:0:0
application
ADDED from AndroidManifest.xml:5:5
MERGED from com.android.support:appcompat-v7:21.0.3:16:5
MERGED from com.android.support:support-v4:21.0.3:16:5
MERGED from com.journeyapps:zxing-android-embedded:2.0.1:59:5
MERGED from com.journeyapps:zxing-android-legacy:2.0.1:60:5
MERGED from com.journeyapps:zxing-android-integration:2.0.1:9:5
	android:label
		ADDED from AndroidManifest.xml:8:9
	android:allowBackup
		ADDED from AndroidManifest.xml:6:9
	android:icon
		ADDED from AndroidManifest.xml:7:9
	android:theme
		ADDED from AndroidManifest.xml:9:9
activity#hu.infinityhosting.minemarket.MainActivity
ADDED from AndroidManifest.xml:10:9
	android:label
		ADDED from AndroidManifest.xml:12:13
	android:name
		ADDED from AndroidManifest.xml:11:13
intent-filter#android.intent.action.MAIN+android.intent.category.LAUNCHER
ADDED from AndroidManifest.xml:13:13
action#android.intent.action.MAIN
ADDED from AndroidManifest.xml:14:17
	android:name
		ADDED from AndroidManifest.xml:14:25
category#android.intent.category.LAUNCHER
ADDED from AndroidManifest.xml:16:17
	android:name
		ADDED from AndroidManifest.xml:16:27
uses-sdk
INJECTED from AndroidManifest.xml:0:0 reason: use-sdk injection requested
MERGED from com.android.support:appcompat-v7:21.0.3:15:5
MERGED from com.android.support:support-v4:21.0.3:15:5
MERGED from com.journeyapps:zxing-android-embedded:2.0.1:19:5
MERGED from com.journeyapps:zxing-android-legacy:2.0.1:20:5
MERGED from com.journeyapps:zxing-android-integration:2.0.1:5:5
	android:targetSdkVersion
		INJECTED from AndroidManifest.xml:0:0
		INJECTED from AndroidManifest.xml:0:0
	android:minSdkVersion
		INJECTED from AndroidManifest.xml:0:0
		INJECTED from AndroidManifest.xml:0:0
uses-permission#android.permission.CAMERA
ADDED from com.journeyapps:zxing-android-embedded:2.0.1:23:5
MERGED from com.journeyapps:zxing-android-legacy:2.0.1:24:5
	android:name
		ADDED from com.journeyapps:zxing-android-embedded:2.0.1:23:22
uses-permission#android.permission.VIBRATE
ADDED from com.journeyapps:zxing-android-embedded:2.0.1:24:5
MERGED from com.journeyapps:zxing-android-legacy:2.0.1:25:5
	android:name
		ADDED from com.journeyapps:zxing-android-embedded:2.0.1:24:22
uses-permission#android.permission.FLASHLIGHT
ADDED from com.journeyapps:zxing-android-embedded:2.0.1:25:5
MERGED from com.journeyapps:zxing-android-legacy:2.0.1:26:5
	android:name
		ADDED from com.journeyapps:zxing-android-embedded:2.0.1:25:22
uses-feature#android.hardware.camera
ADDED from com.journeyapps:zxing-android-embedded:2.0.1:28:5
MERGED from com.journeyapps:zxing-android-legacy:2.0.1:29:5
	android:required
		ADDED from com.journeyapps:zxing-android-embedded:2.0.1:30:9
	android:name
		ADDED from com.journeyapps:zxing-android-embedded:2.0.1:29:9
uses-feature#android.hardware.camera.front
ADDED from com.journeyapps:zxing-android-embedded:2.0.1:31:5
MERGED from com.journeyapps:zxing-android-legacy:2.0.1:32:5
	android:required
		ADDED from com.journeyapps:zxing-android-embedded:2.0.1:33:9
	android:name
		ADDED from com.journeyapps:zxing-android-embedded:2.0.1:32:9
uses-feature#android.hardware.camera.autofocus
ADDED from com.journeyapps:zxing-android-embedded:2.0.1:36:5
MERGED from com.journeyapps:zxing-android-legacy:2.0.1:37:5
	android:required
		ADDED from com.journeyapps:zxing-android-embedded:2.0.1:38:9
	android:name
		ADDED from com.journeyapps:zxing-android-embedded:2.0.1:37:9
uses-feature#android.hardware.camera.flash
ADDED from com.journeyapps:zxing-android-embedded:2.0.1:39:5
MERGED from com.journeyapps:zxing-android-legacy:2.0.1:40:5
	android:required
		ADDED from com.journeyapps:zxing-android-embedded:2.0.1:41:9
	android:name
		ADDED from com.journeyapps:zxing-android-embedded:2.0.1:40:9
uses-feature#android.hardware.screen.landscape
ADDED from com.journeyapps:zxing-android-embedded:2.0.1:42:5
MERGED from com.journeyapps:zxing-android-legacy:2.0.1:43:5
	android:required
		ADDED from com.journeyapps:zxing-android-embedded:2.0.1:44:9
	android:name
		ADDED from com.journeyapps:zxing-android-embedded:2.0.1:43:9
uses-feature#android.hardware.wifi
ADDED from com.journeyapps:zxing-android-embedded:2.0.1:45:5
MERGED from com.journeyapps:zxing-android-legacy:2.0.1:46:5
	android:required
		ADDED from com.journeyapps:zxing-android-embedded:2.0.1:47:9
	android:name
		ADDED from com.journeyapps:zxing-android-embedded:2.0.1:46:9
supports-screens
ADDED from com.journeyapps:zxing-android-embedded:2.0.1:52:5
MERGED from com.journeyapps:zxing-android-legacy:2.0.1:53:5
	android:largeScreens
		ADDED from com.journeyapps:zxing-android-embedded:2.0.1:54:9
	android:smallScreens
		ADDED from com.journeyapps:zxing-android-embedded:2.0.1:56:9
	android:normalScreens
		ADDED from com.journeyapps:zxing-android-embedded:2.0.1:55:9
	android:xlargeScreens
		ADDED from com.journeyapps:zxing-android-embedded:2.0.1:57:9
	android:anyDensity
		ADDED from com.journeyapps:zxing-android-embedded:2.0.1:53:9
activity#com.google.zxing.client.android.CaptureActivity
ADDED from com.journeyapps:zxing-android-embedded:2.0.1:60:9
	android:clearTaskOnLaunch
		ADDED from com.journeyapps:zxing-android-embedded:2.0.1:62:13
	android:screenOrientation
		ADDED from com.journeyapps:zxing-android-embedded:2.0.1:63:13
	android:stateNotNeeded
		ADDED from com.journeyapps:zxing-android-embedded:2.0.1:64:13
	android:windowSoftInputMode
		ADDED from com.journeyapps:zxing-android-embedded:2.0.1:66:13
	android:theme
		ADDED from com.journeyapps:zxing-android-embedded:2.0.1:65:13
	android:name
		ADDED from com.journeyapps:zxing-android-embedded:2.0.1:61:13
activity#com.google.zxing.client.android.HelpActivity
ADDED from com.journeyapps:zxing-android-embedded:2.0.1:67:9
	android:screenOrientation
		ADDED from com.journeyapps:zxing-android-embedded:2.0.1:70:13
	android:label
		ADDED from com.journeyapps:zxing-android-embedded:2.0.1:69:13
	android:stateNotNeeded
		ADDED from com.journeyapps:zxing-android-embedded:2.0.1:71:13
	android:name
		ADDED from com.journeyapps:zxing-android-embedded:2.0.1:68:13
activity#com.google.zxing.client.android.encode.EncodeActivity
ADDED from com.journeyapps:zxing-android-embedded:2.0.1:72:9
	android:screenOrientation
		ADDED from com.journeyapps:zxing-android-embedded:2.0.1:74:13
	android:name
		ADDED from com.journeyapps:zxing-android-embedded:2.0.1:73:13
activity#com.google.zxing.client.androidlegacy.CaptureActivity
ADDED from com.journeyapps:zxing-android-legacy:2.0.1:61:9
	android:clearTaskOnLaunch
		ADDED from com.journeyapps:zxing-android-legacy:2.0.1:63:13
	android:screenOrientation
		ADDED from com.journeyapps:zxing-android-legacy:2.0.1:65:13
	android:stateNotNeeded
		ADDED from com.journeyapps:zxing-android-legacy:2.0.1:66:13
	android:windowSoftInputMode
		ADDED from com.journeyapps:zxing-android-legacy:2.0.1:68:13
	android:configChanges
		ADDED from com.journeyapps:zxing-android-legacy:2.0.1:64:13
	android:theme
		ADDED from com.journeyapps:zxing-android-legacy:2.0.1:67:13
	android:name
		ADDED from com.journeyapps:zxing-android-legacy:2.0.1:62:13
activity#com.google.zxing.client.androidlegacy.HelpActivity
ADDED from com.journeyapps:zxing-android-legacy:2.0.1:69:9
	android:screenOrientation
		ADDED from com.journeyapps:zxing-android-legacy:2.0.1:71:13
	android:name
		ADDED from com.journeyapps:zxing-android-legacy:2.0.1:70:13
activity#com.google.zxing.client.androidlegacy.encode.EncodeActivity
ADDED from com.journeyapps:zxing-android-legacy:2.0.1:72:9
	android:screenOrientation
		ADDED from com.journeyapps:zxing-android-legacy:2.0.1:74:13
	android:name
		ADDED from com.journeyapps:zxing-android-legacy:2.0.1:73:13